<?xml version="1.0" encoding="UTF-8"?>
<!-- Generated by org.testng.reporters.JUnitXMLReporter -->
<testsuite ignored="0" hostname="Swaraj" failures="0" tests="6" name="Alerts" time="107.012" errors="0" timestamp="2024-09-15T00:06:18 IST">
  <testcase classname="test.Alerst_test" name="@BeforeTest getlaunchurl" time="106.753">
    <failure type="org.openqa.selenium.NoSuchElementException" message="no such element: Unable to locate element: {&amp;quot;method&amp;quot;:&amp;quot;xpath&amp;quot;,&amp;quot;selector&amp;quot;:&amp;quot;//*[@id=&amp;quot;myModal2&amp;quot;]/div/div/div[1]/button&amp;quot;}
  (Session info: chrome=128.0.6613.138)
For documentation on this error, please visit: https://www.seleniumhq.org/exceptions/no_such_element.html
Build info: version: &amp;apos;3.141.59&amp;apos;, revision: &amp;apos;e82be7d358&amp;apos;, time: &amp;apos;2018-11-14T08:25:48&amp;apos;
System info: host: &amp;apos;SWARAJ&amp;apos;, ip: &amp;apos;192.168.103.185&amp;apos;, os.name: &amp;apos;Windows 10&amp;apos;, os.arch: &amp;apos;amd64&amp;apos;, os.version: &amp;apos;10.0&amp;apos;, java.version: &amp;apos;17.0.2&amp;apos;
Driver info: org.openqa.selenium.chrome.ChromeDriver
Capabilities {acceptInsecureCerts: false, browserName: chrome, browserVersion: 128.0.6613.138, chrome: {chromedriverVersion: 127.0.6533.72 (9755e24ca85a..., userDataDir: C:\Users\Swara\AppData\Loca...}, fedcm:accounts: true, goog:chromeOptions: {debuggerAddress: localhost:57919}, javascriptEnabled: true, networkConnectionEnabled: false, pageLoadStrategy: normal, platform: WINDOWS, platformName: WINDOWS, proxy: Proxy(), setWindowRect: true, strictFileInteractability: false, timeouts: {implicit: 0, pageLoad: 300000, script: 30000}, unhandledPromptBehavior: dismiss and notify, webauthn:extension:credBlob: true, webauthn:extension:largeBlob: true, webauthn:extension:minPinLength: true, webauthn:extension:prf: true, webauthn:virtualAuthenticators: true}
Session ID: b6d4de3be8cf11d2e74a8363ca4c9253
*** Element info: {Using=xpath, value=//*[@id=&amp;quot;myModal2&amp;quot;]/div/div/div[1]/button}">
      <![CDATA[org.openqa.selenium.NoSuchElementException: no such element: Unable to locate element: {"method":"xpath","selector":"//*[@id="myModal2"]/div/div/div[1]/button"}
  (Session info: chrome=128.0.6613.138)
For documentation on this error, please visit: https://www.seleniumhq.org/exceptions/no_such_element.html
Build info: version: '3.141.59', revision: 'e82be7d358', time: '2018-11-14T08:25:48'
System info: host: 'SWARAJ', ip: '192.168.103.185', os.name: 'Windows 10', os.arch: 'amd64', os.version: '10.0', java.version: '17.0.2'
Driver info: org.openqa.selenium.chrome.ChromeDriver
Capabilities {acceptInsecureCerts: false, browserName: chrome, browserVersion: 128.0.6613.138, chrome: {chromedriverVersion: 127.0.6533.72 (9755e24ca85a..., userDataDir: C:\Users\Swara\AppData\Loca...}, fedcm:accounts: true, goog:chromeOptions: {debuggerAddress: localhost:57919}, javascriptEnabled: true, networkConnectionEnabled: false, pageLoadStrategy: normal, platform: WINDOWS, platformName: WINDOWS, proxy: Proxy(), setWindowRect: true, strictFileInteractability: false, timeouts: {implicit: 0, pageLoad: 300000, script: 30000}, unhandledPromptBehavior: dismiss and notify, webauthn:extension:credBlob: true, webauthn:extension:largeBlob: true, webauthn:extension:minPinLength: true, webauthn:extension:prf: true, webauthn:virtualAuthenticators: true}
Session ID: b6d4de3be8cf11d2e74a8363ca4c9253
*** Element info: {Using=xpath, value=//*[@id="myModal2"]/div/div/div[1]/button}
at org.openqa.selenium.remote.http.W3CHttpResponseCodec.createException(W3CHttpResponseCodec.java:187)
at org.openqa.selenium.remote.http.W3CHttpResponseCodec.decode(W3CHttpResponseCodec.java:122)
at org.openqa.selenium.remote.http.W3CHttpResponseCodec.decode(W3CHttpResponseCodec.java:49)
at org.openqa.selenium.remote.HttpCommandExecutor.execute(HttpCommandExecutor.java:158)
at org.openqa.selenium.remote.service.DriverCommandExecutor.execute(DriverCommandExecutor.java:83)
at org.openqa.selenium.remote.RemoteWebDriver.execute(RemoteWebDriver.java:552)
at org.openqa.selenium.remote.RemoteWebDriver.findElement(RemoteWebDriver.java:323)
at org.openqa.selenium.remote.RemoteWebDriver.findElementByXPath(RemoteWebDriver.java:428)
at org.openqa.selenium.By$ByXPath.findElement(By.java:353)
at org.openqa.selenium.remote.RemoteWebDriver.findElement(RemoteWebDriver.java:315)
at baselibrary.Base_library.getlaunch(Base_library.java:39)
at test.Alerst_test.getlaunchurl(Alerst_test.java:17)
... Removed 29 stack frames]]>
    </failure>
  </testcase> <!-- @BeforeTest getlaunchurl -->
  <testcase classname="test.Alerst_test" name="clickon_alertandwindowstest" time="0.001">
    <skipped/>
  </testcase> <!-- clickon_alertandwindowstest -->
  <testcase classname="test.Alerst_test" name="clickonAlertstest" time="0.0">
    <skipped/>
  </testcase> <!-- clickonAlertstest -->
  <testcase classname="test.Alerst_test" name="clickonSeealerttest" time="0.0">
    <skipped/>
  </testcase> <!-- clickonSeealerttest -->
  <testcase classname="test.Alerst_test" name="Clickafter5sectest" time="0.0">
    <skipped/>
  </testcase> <!-- Clickafter5sectest -->
  <testcase classname="test.Alerst_test" name="confirm_boxtest" time="0.0">
    <skipped/>
  </testcase> <!-- confirm_boxtest -->
  <testcase classname="test.Alerst_test" name="clickon_promptboxtest6" time="0.001">
    <skipped/>
  </testcase> <!-- clickon_promptboxtest6 -->
</testsuite> <!-- Alerts -->
