<?xml version="1.0" encoding="UTF-8"?>
<!-- Generated by org.testng.reporters.JUnitXMLReporter -->
<testsuite ignored="2" hostname="Swaraj" failures="0" tests="3" name="checkboxtest" time="0.387" errors="0" timestamp="2024-09-26T00:26:25 IST">
  <testcase classname="test.CheckboxTest" name="@BeforeTest launchurl" time="-1.727290584777E9">
    <failure type="org.testng.TestNGException" message="
Parameter &amp;apos;browser&amp;apos; is required by BeforeTest on method launchurl but has not been marked @Optional or defined
in C:\Users\Swara\eclipse\AutomationFrame_testingbaba\testng.xml">
      <![CDATA[org.testng.TestNGException: 
Parameter 'browser' is required by BeforeTest on method launchurl but has not been marked @Optional or defined
in C:\Users\Swara\eclipse\AutomationFrame_testingbaba\testng.xml
... Removed 21 stack frames]]>
    </failure>
  </testcase> <!-- @BeforeTest launchurl -->
  <testcase classname="test.CheckboxTest" name="clickelement" time="0.001">
    <skipped/>
  </testcase> <!-- clickelement -->
  <testcase classname="test.CheckboxTest" name="mobilechecboxfill" time="0.026">
    <skipped/>
  </testcase> <!-- mobilechecboxfill -->
  <testcase classname="test.CheckboxTest" name="destopchecboxfill" time="0.0">
    <skipped/>
  </testcase> <!-- destopchecboxfill -->
  <testcase classname="test.CheckboxTest" name="laptopchecboxfill" time="0.0">
    <ignored/>
  </testcase> <!-- laptopchecboxfill -->
  <testcase classname="test.CheckboxTest" name="clickcheckbox" time="0.0">
    <ignored/>
  </testcase> <!-- clickcheckbox -->
</testsuite> <!-- checkboxtest -->
