<?xml version="1.0" encoding="UTF-8"?>
<!-- Generated by org.testng.reporters.JUnitXMLReporter -->
<testsuite ignored="0" hostname="Swaraj" failures="3" tests="5" name="radiobuttontest" time="18.025" errors="0" timestamp="2024-10-09T19:04:39 IST">
  <testcase classname="test.Radiobuttontest" name="clickonelement" time="0.206"/>
  <testcase classname="test.Radiobuttontest" name="clickonradiobutton" time="0.177"/>
  <testcase classname="test.Radiobuttontest" name="clickonyesbutton" time="0.306">
    <failure type="java.lang.AssertionError" message="The following asserts failed:
	expected [ ] but found [You have selected yes]">
      <![CDATA[java.lang.AssertionError: The following asserts failed:
expected [ ] but found [You have selected yes]
at page.Radiobuttonpage.radiobuttonyes(Radiobuttonpage.java:48)
at test.Radiobuttontest.clickonyesbutton(Radiobuttontest.java:36)
at java.base/java.util.ArrayList.forEach(ArrayList.java:1511)
... Removed 29 stack frames]]>
    </failure>
  </testcase> <!-- clickonyesbutton -->
  <testcase classname="test.Radiobuttontest" name="clickonNObutton" time="0.26">
    <failure type="java.lang.AssertionError" message="The following asserts failed:
	expected [ ] but found [You have selected no]">
      <![CDATA[java.lang.AssertionError: The following asserts failed:
expected [ ] but found [You have selected no]
at page.Radiobuttonpage.radiobuttonNO(Radiobuttonpage.java:58)
at test.Radiobuttontest.clickonNObutton(Radiobuttontest.java:41)
at java.base/java.util.ArrayList.forEach(ArrayList.java:1511)
... Removed 29 stack frames]]>
    </failure>
  </testcase> <!-- clickonNObutton -->
  <testcase classname="test.Radiobuttontest" name="clickonIMPRESSIVEbutton" time="0.228">
    <failure type="java.lang.AssertionError" message="The following asserts failed:
	expected [ ] but found [You have selected impressive]">
      <![CDATA[java.lang.AssertionError: The following asserts failed:
expected [ ] but found [You have selected impressive]
at page.Radiobuttonpage.radiobuttonIMPRESSIVE(Radiobuttonpage.java:67)
at test.Radiobuttontest.clickonIMPRESSIVEbutton(Radiobuttontest.java:46)
at java.base/java.util.ArrayList.forEach(ArrayList.java:1511)
... Removed 29 stack frames]]>
    </failure>
  </testcase> <!-- clickonIMPRESSIVEbutton -->
</testsuite> <!-- radiobuttontest -->
