<?xml version="1.0" encoding="UTF-8"?>
<!-- Generated by org.testng.reporters.JUnitXMLReporter -->
<testsuite ignored="0" hostname="Swaraj" failures="0" tests="5" name="Textbox_test" time="5.833" errors="0" timestamp="2024-04-10T19:12:54 IST">
  <testcase classname="test.Textbox_test" name="@BeforeTest getlaunchUrl" time="5.505">
    <failure type="org.openqa.selenium.SessionNotCreatedException" message="session not created: This version of ChromeDriver only supports Chrome version 107
Current browser version is 123.0.6312.106 with binary path C:\Program Files\Google\Chrome\Application\chrome.exe
Build info: version: &amp;apos;3.141.59&amp;apos;, revision: &amp;apos;e82be7d358&amp;apos;, time: &amp;apos;2018-11-14T08:25:48&amp;apos;
System info: host: &amp;apos;SWARAJ&amp;apos;, ip: &amp;apos;192.168.79.185&amp;apos;, os.name: &amp;apos;Windows 10&amp;apos;, os.arch: &amp;apos;amd64&amp;apos;, os.version: &amp;apos;10.0&amp;apos;, java.version: &amp;apos;17.0.2&amp;apos;
Driver info: driver.version: ChromeDriver
remote stacktrace: Backtrace:
	Ordinal0 [0x005AACD3+2075859]
	Ordinal0 [0x0053EE61+1633889]
	Ordinal0 [0x0043B7BD+571325]
	Ordinal0 [0x0045DFCD+712653]
	Ordinal0 [0x00459266+692838]
	Ordinal0 [0x00456BE9+682985]
	Ordinal0 [0x0048DBD3+908243]
	Ordinal0 [0x0048D6AA+906922]
	Ordinal0 [0x00487136+880950]
	Ordinal0 [0x0045FEFD+720637]
	Ordinal0 [0x00460F3F+724799]
	GetHandleVerifier [0x0085EED2+2769538]
	GetHandleVerifier [0x00850D95+2711877]
	GetHandleVerifier [0x0063A03A+521194]
	GetHandleVerifier [0x00638DA0+516432]
	Ordinal0 [0x0054682C+1665068]
	Ordinal0 [0x0054B128+1683752]
	Ordinal0 [0x0054B215+1683989]
	Ordinal0 [0x00556484+1729668]
	BaseThreadInitThunk [0x75EA00F9+25]
	RtlGetAppContainerNamedObjectPath [0x77337BBE+286]
	RtlGetAppContainerNamedObjectPath [0x77337B8E+238]
">
      <![CDATA[org.openqa.selenium.SessionNotCreatedException: session not created: This version of ChromeDriver only supports Chrome version 107
Current browser version is 123.0.6312.106 with binary path C:\Program Files\Google\Chrome\Application\chrome.exe
Build info: version: '3.141.59', revision: 'e82be7d358', time: '2018-11-14T08:25:48'
System info: host: 'SWARAJ', ip: '192.168.79.185', os.name: 'Windows 10', os.arch: 'amd64', os.version: '10.0', java.version: '17.0.2'
Driver info: driver.version: ChromeDriver
remote stacktrace: Backtrace:
Ordinal0 [0x005AACD3+2075859]
Ordinal0 [0x0053EE61+1633889]
Ordinal0 [0x0043B7BD+571325]
Ordinal0 [0x0045DFCD+712653]
Ordinal0 [0x00459266+692838]
Ordinal0 [0x00456BE9+682985]
Ordinal0 [0x0048DBD3+908243]
Ordinal0 [0x0048D6AA+906922]
Ordinal0 [0x00487136+880950]
Ordinal0 [0x0045FEFD+720637]
Ordinal0 [0x00460F3F+724799]
GetHandleVerifier [0x0085EED2+2769538]
GetHandleVerifier [0x00850D95+2711877]
GetHandleVerifier [0x0063A03A+521194]
GetHandleVerifier [0x00638DA0+516432]
Ordinal0 [0x0054682C+1665068]
Ordinal0 [0x0054B128+1683752]
Ordinal0 [0x0054B215+1683989]
Ordinal0 [0x00556484+1729668]
BaseThreadInitThunk [0x75EA00F9+25]
RtlGetAppContainerNamedObjectPath [0x77337BBE+286]
RtlGetAppContainerNamedObjectPath [0x77337B8E+238]

at org.openqa.selenium.remote.W3CHandshakeResponse.lambda$errorHandler$0(W3CHandshakeResponse.java:62)
at org.openqa.selenium.remote.HandshakeResponse.lambda$getResponseFunction$0(HandshakeResponse.java:30)
at org.openqa.selenium.remote.ProtocolHandshake.lambda$createSession$0(ProtocolHandshake.java:126)
at java.base/java.util.stream.ReferencePipeline$3$1.accept(ReferencePipeline.java:197)
at java.base/java.util.Spliterators$ArraySpliterator.tryAdvance(Spliterators.java:1002)
at java.base/java.util.stream.ReferencePipeline.forEachWithCancel(ReferencePipeline.java:129)
at java.base/java.util.stream.AbstractPipeline.copyIntoWithCancel(AbstractPipeline.java:527)
at java.base/java.util.stream.AbstractPipeline.copyInto(AbstractPipeline.java:513)
at java.base/java.util.stream.AbstractPipeline.wrapAndCopyInto(AbstractPipeline.java:499)
at java.base/java.util.stream.FindOps$FindOp.evaluateSequential(FindOps.java:150)
at java.base/java.util.stream.AbstractPipeline.evaluate(AbstractPipeline.java:234)
at java.base/java.util.stream.ReferencePipeline.findFirst(ReferencePipeline.java:647)
at org.openqa.selenium.remote.ProtocolHandshake.createSession(ProtocolHandshake.java:128)
at org.openqa.selenium.remote.ProtocolHandshake.createSession(ProtocolHandshake.java:74)
at org.openqa.selenium.remote.HttpCommandExecutor.execute(HttpCommandExecutor.java:136)
at org.openqa.selenium.remote.service.DriverCommandExecutor.execute(DriverCommandExecutor.java:83)
at org.openqa.selenium.remote.RemoteWebDriver.execute(RemoteWebDriver.java:552)
at org.openqa.selenium.remote.RemoteWebDriver.startSession(RemoteWebDriver.java:213)
at org.openqa.selenium.remote.RemoteWebDriver.<init>(RemoteWebDriver.java:131)
at org.openqa.selenium.chrome.ChromeDriver.<init>(ChromeDriver.java:181)
at org.openqa.selenium.chrome.ChromeDriver.<init>(ChromeDriver.java:168)
at org.openqa.selenium.chrome.ChromeDriver.<init>(ChromeDriver.java:123)
at baseLibrary.BaseLibrary.getlaunchurl(BaseLibrary.java:58)
at test.Textbox_test.getlaunchUrl(Textbox_test.java:18)
... Removed 29 stack frames]]>
    </failure>
  </testcase> <!-- @BeforeTest getlaunchUrl -->
  <testcase classname="baseLibrary.BaseLibrary" name="@AfterMethod getanalysis" time="-1.712756574412E9">
    <skipped/>
  </testcase> <!-- @AfterMethod getanalysis -->
  <testcase classname="baseLibrary.BaseLibrary" name="@AfterMethod getanalysis" time="-1.712756574448E9">
    <skipped/>
  </testcase> <!-- @AfterMethod getanalysis -->
  <testcase classname="baseLibrary.BaseLibrary" name="@AfterMethod getanalysis" time="-1.712756574465E9">
    <skipped/>
  </testcase> <!-- @AfterMethod getanalysis -->
  <testcase classname="baseLibrary.BaseLibrary" name="@AfterMethod getanalysis" time="-1.712756574535E9">
    <skipped/>
  </testcase> <!-- @AfterMethod getanalysis -->
  <testcase classname="baseLibrary.BaseLibrary" name="@AfterMethod getanalysis" time="-1.712756574579E9">
    <skipped/>
  </testcase> <!-- @AfterMethod getanalysis -->
  <testcase classname="baseLibrary.BaseLibrary" name="@AfterTest getflush" time="-1.712756574597E9">
    <skipped/>
  </testcase> <!-- @AfterTest getflush -->
  <testcase classname="test.Textbox_test" name="clickonElement" time="0.0">
    <skipped/>
  </testcase> <!-- clickonElement -->
  <testcase classname="test.Textbox_test" name="clickontextbox" time="0.0">
    <skipped/>
  </testcase> <!-- clickontextbox -->
  <testcase classname="test.Textbox_test" name="filldetials" time="0.0">
    <skipped/>
  </testcase> <!-- filldetials -->
  <testcase classname="test.Textbox_test" name="clickonsubmit" time="0.0">
    <skipped/>
  </testcase> <!-- clickonsubmit -->
  <testcase classname="test.Textbox_test" name="getdetails" time="0.0">
    <skipped/>
  </testcase> <!-- getdetails -->
</testsuite> <!-- Textbox_test -->
