<?xml version="1.0" encoding="UTF-8"?>
<!-- Generated by org.testng.reporters.JUnitXMLReporter -->
<testsuite ignored="0" hostname="Swaraj" failures="1" tests="3" name="Test" time="31.438" errors="0" timestamp="2024-08-21T06:51:19 IST">
  <testcase classname="test.Textpage_elementTest" name="validateresult" time="4.755">
    <failure type="java.lang.AssertionError" message="The following asserts failed:
	expected [RIZAWAN ALI] but found [],
	expected [rizawana49@gmail.com] but found [],
	expected [noida sector62 mamura] but found [],
	expected [gorakhpur uttr pradesh] but found []">
      <![CDATA[java.lang.AssertionError: The following asserts failed:
expected [RIZAWAN ALI] but found [],
expected [rizawana49@gmail.com] but found [],
expected [noida sector62 mamura] but found [],
expected [gorakhpur uttr pradesh] but found []
at page.Textpage_element.validate(Textpage_element.java:95)
at test.Textpage_elementTest.validateresult(Textpage_elementTest.java:42)
at java.base/java.util.ArrayList.forEach(ArrayList.java:1511)
... Removed 29 stack frames]]>
    </failure>
  </testcase> <!-- validateresult -->
  <testcase classname="test.Textpage_elementTest" name="fill_textElements" time="2.976"/>
  <testcase classname="test.Textpage_elementTest" name="clickonSubmit" time="0.199"/>
</testsuite> <!-- Test -->
