<!DOCTYPE html PUBLIC "-//W3C//DTD XHTML 1.1//EN" "https://www.w3.org/TR/xhtml11/DTD/xhtml11.dtd">
<html xmlns="https://www.w3.org/1999/xhtml">
<head>
<meta http-equiv="content-type" content="text/html; charset=UTF-8"/>
<title>TestNG Report</title>
<style type="text/css">table {margin-bottom:10px;border-collapse:collapse;empty-cells:show}th,td {border:1px solid #009;padding:.25em .5em}th {vertical-align:bottom}td {vertical-align:top}table a {font-weight:bold}.stripe td {background-color: #E6EBF9}.num {text-align:right}.passedodd td {background-color: #3F3}.passedeven td {background-color: #0A0}.skippedodd td {background-color: #DDD}.skippedeven td {background-color: #CCC}.failedodd td,.attn {background-color: #F33}.failedeven td,.stripe .attn {background-color: #D00}.stacktrace {white-space:pre;font-family:monospace}.totop {font-size:85%;text-align:center;border-bottom:2px solid #000}.invisible {display:none}</style>
</head>
<body>
<table>
<tr><th>Test</th><th># Passed</th><th># Skipped</th><th># Retried</th><th># Failed</th><th>Time (ms)</th><th>Included Groups</th><th>Excluded Groups</th></tr>
<tr><th colspan="8">Testing_BABA</th></tr>
<tr><td><a href="#t0">Textbox_test</a></td><td class="num">0</td><td class="num attn">5</td><td class="num">0</td><td class="num">0</td><td class="num">5,833</td><td></td><td></td></tr>
</table>
<table id='summary'><thead><tr><th>Class</th><th>Method</th><th>Start</th><th>Time (ms)</th></tr></thead><tbody><tr><th colspan="4">Testing_BABA</th></tr></tbody><tbody id="t0"><tr><th colspan="4">Textbox_test &#8212; failed (configuration methods)</th></tr><tr class="failedeven"><td rowspan="1">test.Textbox_test</td><td><a href="#m0">getlaunchUrl</a></td><td rowspan="1">1712756568783</td><td rowspan="1">5505</td></tr><tr><th colspan="4">Textbox_test &#8212; skipped (configuration methods)</th></tr><tr class="skippedeven"><td rowspan="6">test.Textbox_test</td><td><a href="#m1">getanalysis</a></td><td rowspan="5">1712756574579</td><td rowspan="5">-1712756574579</td></tr><tr class="skippedeven"><td><a href="#m2">getanalysis</a></td></tr><tr class="skippedeven"><td><a href="#m3">getanalysis</a></td></tr><tr class="skippedeven"><td><a href="#m4">getanalysis</a></td></tr><tr class="skippedeven"><td><a href="#m5">getanalysis</a></td></tr><tr class="skippedeven"><td><a href="#m6">getflush</a></td><td rowspan="1">1712756574597</td><td rowspan="1">-1712756574597</td></tr><tr><th colspan="4">Textbox_test &#8212; skipped</th></tr><tr class="skippedeven"><td rowspan="5">test.Textbox_test</td><td><a href="#m7">clickonElement</a></td><td rowspan="1">1712756574391</td><td rowspan="1">0</td></tr><tr class="skippedeven"><td><a href="#m8">clickonsubmit</a></td><td rowspan="1">1712756574476</td><td rowspan="1">0</td></tr><tr class="skippedeven"><td><a href="#m9">clickontextbox</a></td><td rowspan="1">1712756574434</td><td rowspan="1">0</td></tr><tr class="skippedeven"><td><a href="#m10">filldetials</a></td><td rowspan="1">1712756574453</td><td rowspan="1">0</td></tr><tr class="skippedeven"><td><a href="#m11">getdetails</a></td><td rowspan="1">1712756574541</td><td rowspan="1">0</td></tr></tbody>
</table>
<h2>Textbox_test</h2><h3 id="m0">test.Textbox_test#getlaunchUrl</h3><table class="result"><tr class="param"><th>Parameter #1</th></tr><tr class="param stripe"><td>myurl</td></tr><tr><th>Exception</th></tr><tr><td><div class="stacktrace">org.openqa.selenium.SessionNotCreatedException: session not created: This version of ChromeDriver only supports Chrome version 107
Current browser version is 123.0.6312.106 with binary path C:\Program Files\Google\Chrome\Application\chrome.exe
Build info: version: &apos;3.141.59&apos;, revision: &apos;e82be7d358&apos;, time: &apos;2018-11-14T08:25:48&apos;
System info: host: &apos;SWARAJ&apos;, ip: &apos;192.168.79.185&apos;, os.name: &apos;Windows 10&apos;, os.arch: &apos;amd64&apos;, os.version: &apos;10.0&apos;, java.version: &apos;17.0.2&apos;
Driver info: driver.version: ChromeDriver
remote stacktrace: Backtrace:
	Ordinal0 [0x005AACD3+2075859]
	Ordinal0 [0x0053EE61+1633889]
	Ordinal0 [0x0043B7BD+571325]
	Ordinal0 [0x0045DFCD+712653]
	Ordinal0 [0x00459266+692838]
	Ordinal0 [0x00456BE9+682985]
	Ordinal0 [0x0048DBD3+908243]
	Ordinal0 [0x0048D6AA+906922]
	Ordinal0 [0x00487136+880950]
	Ordinal0 [0x0045FEFD+720637]
	Ordinal0 [0x00460F3F+724799]
	GetHandleVerifier [0x0085EED2+2769538]
	GetHandleVerifier [0x00850D95+2711877]
	GetHandleVerifier [0x0063A03A+521194]
	GetHandleVerifier [0x00638DA0+516432]
	Ordinal0 [0x0054682C+1665068]
	Ordinal0 [0x0054B128+1683752]
	Ordinal0 [0x0054B215+1683989]
	Ordinal0 [0x00556484+1729668]
	BaseThreadInitThunk [0x75EA00F9+25]
	RtlGetAppContainerNamedObjectPath [0x77337BBE+286]
	RtlGetAppContainerNamedObjectPath [0x77337B8E+238]

	at org.openqa.selenium.remote.W3CHandshakeResponse.lambda$errorHandler$0(W3CHandshakeResponse.java:62)
	at org.openqa.selenium.remote.HandshakeResponse.lambda$getResponseFunction$0(HandshakeResponse.java:30)
	at org.openqa.selenium.remote.ProtocolHandshake.lambda$createSession$0(ProtocolHandshake.java:126)
	at java.base/java.util.stream.ReferencePipeline$3$1.accept(ReferencePipeline.java:197)
	at java.base/java.util.Spliterators$ArraySpliterator.tryAdvance(Spliterators.java:1002)
	at java.base/java.util.stream.ReferencePipeline.forEachWithCancel(ReferencePipeline.java:129)
	at java.base/java.util.stream.AbstractPipeline.copyIntoWithCancel(AbstractPipeline.java:527)
	at java.base/java.util.stream.AbstractPipeline.copyInto(AbstractPipeline.java:513)
	at java.base/java.util.stream.AbstractPipeline.wrapAndCopyInto(AbstractPipeline.java:499)
	at java.base/java.util.stream.FindOps$FindOp.evaluateSequential(FindOps.java:150)
	at java.base/java.util.stream.AbstractPipeline.evaluate(AbstractPipeline.java:234)
	at java.base/java.util.stream.ReferencePipeline.findFirst(ReferencePipeline.java:647)
	at org.openqa.selenium.remote.ProtocolHandshake.createSession(ProtocolHandshake.java:128)
	at org.openqa.selenium.remote.ProtocolHandshake.createSession(ProtocolHandshake.java:74)
	at org.openqa.selenium.remote.HttpCommandExecutor.execute(HttpCommandExecutor.java:136)
	at org.openqa.selenium.remote.service.DriverCommandExecutor.execute(DriverCommandExecutor.java:83)
	at org.openqa.selenium.remote.RemoteWebDriver.execute(RemoteWebDriver.java:552)
	at org.openqa.selenium.remote.RemoteWebDriver.startSession(RemoteWebDriver.java:213)
	at org.openqa.selenium.remote.RemoteWebDriver.&lt;init&gt;(RemoteWebDriver.java:131)
	at org.openqa.selenium.chrome.ChromeDriver.&lt;init&gt;(ChromeDriver.java:181)
	at org.openqa.selenium.chrome.ChromeDriver.&lt;init&gt;(ChromeDriver.java:168)
	at org.openqa.selenium.chrome.ChromeDriver.&lt;init&gt;(ChromeDriver.java:123)
	at baseLibrary.BaseLibrary.getlaunchurl(BaseLibrary.java:58)
	at test.Textbox_test.getlaunchUrl(Textbox_test.java:18)
... Removed 29 stack frames</div></td></tr></table><p class="totop"><a href="#summary">back to summary</a></p>
<h3 id="m1">test.Textbox_test#getanalysis</h3><table class="result"><tr><th class="invisible"/></tr></table><p class="totop"><a href="#summary">back to summary</a></p>
<h3 id="m2">test.Textbox_test#getanalysis</h3><table class="result"><tr><th class="invisible"/></tr></table><p class="totop"><a href="#summary">back to summary</a></p>
<h3 id="m3">test.Textbox_test#getanalysis</h3><table class="result"><tr><th class="invisible"/></tr></table><p class="totop"><a href="#summary">back to summary</a></p>
<h3 id="m4">test.Textbox_test#getanalysis</h3><table class="result"><tr><th class="invisible"/></tr></table><p class="totop"><a href="#summary">back to summary</a></p>
<h3 id="m5">test.Textbox_test#getanalysis</h3><table class="result"><tr><th class="invisible"/></tr></table><p class="totop"><a href="#summary">back to summary</a></p>
<h3 id="m6">test.Textbox_test#getflush</h3><table class="result"><tr><th class="invisible"/></tr></table><p class="totop"><a href="#summary">back to summary</a></p>
<h3 id="m7">test.Textbox_test#clickonElement</h3><table class="result"><tr><th>Exception</th></tr><tr><td><div class="stacktrace">org.openqa.selenium.SessionNotCreatedException: session not created: This version of ChromeDriver only supports Chrome version 107
Current browser version is 123.0.6312.106 with binary path C:\Program Files\Google\Chrome\Application\chrome.exe
Build info: version: &apos;3.141.59&apos;, revision: &apos;e82be7d358&apos;, time: &apos;2018-11-14T08:25:48&apos;
System info: host: &apos;SWARAJ&apos;, ip: &apos;192.168.79.185&apos;, os.name: &apos;Windows 10&apos;, os.arch: &apos;amd64&apos;, os.version: &apos;10.0&apos;, java.version: &apos;17.0.2&apos;
Driver info: driver.version: ChromeDriver
remote stacktrace: Backtrace:
	Ordinal0 [0x005AACD3+2075859]
	Ordinal0 [0x0053EE61+1633889]
	Ordinal0 [0x0043B7BD+571325]
	Ordinal0 [0x0045DFCD+712653]
	Ordinal0 [0x00459266+692838]
	Ordinal0 [0x00456BE9+682985]
	Ordinal0 [0x0048DBD3+908243]
	Ordinal0 [0x0048D6AA+906922]
	Ordinal0 [0x00487136+880950]
	Ordinal0 [0x0045FEFD+720637]
	Ordinal0 [0x00460F3F+724799]
	GetHandleVerifier [0x0085EED2+2769538]
	GetHandleVerifier [0x00850D95+2711877]
	GetHandleVerifier [0x0063A03A+521194]
	GetHandleVerifier [0x00638DA0+516432]
	Ordinal0 [0x0054682C+1665068]
	Ordinal0 [0x0054B128+1683752]
	Ordinal0 [0x0054B215+1683989]
	Ordinal0 [0x00556484+1729668]
	BaseThreadInitThunk [0x75EA00F9+25]
	RtlGetAppContainerNamedObjectPath [0x77337BBE+286]
	RtlGetAppContainerNamedObjectPath [0x77337B8E+238]

	at org.openqa.selenium.remote.W3CHandshakeResponse.lambda$errorHandler$0(W3CHandshakeResponse.java:62)
	at org.openqa.selenium.remote.HandshakeResponse.lambda$getResponseFunction$0(HandshakeResponse.java:30)
	at org.openqa.selenium.remote.ProtocolHandshake.lambda$createSession$0(ProtocolHandshake.java:126)
	at java.base/java.util.stream.ReferencePipeline$3$1.accept(ReferencePipeline.java:197)
	at java.base/java.util.Spliterators$ArraySpliterator.tryAdvance(Spliterators.java:1002)
	at java.base/java.util.stream.ReferencePipeline.forEachWithCancel(ReferencePipeline.java:129)
	at java.base/java.util.stream.AbstractPipeline.copyIntoWithCancel(AbstractPipeline.java:527)
	at java.base/java.util.stream.AbstractPipeline.copyInto(AbstractPipeline.java:513)
	at java.base/java.util.stream.AbstractPipeline.wrapAndCopyInto(AbstractPipeline.java:499)
	at java.base/java.util.stream.FindOps$FindOp.evaluateSequential(FindOps.java:150)
	at java.base/java.util.stream.AbstractPipeline.evaluate(AbstractPipeline.java:234)
	at java.base/java.util.stream.ReferencePipeline.findFirst(ReferencePipeline.java:647)
	at org.openqa.selenium.remote.ProtocolHandshake.createSession(ProtocolHandshake.java:128)
	at org.openqa.selenium.remote.ProtocolHandshake.createSession(ProtocolHandshake.java:74)
	at org.openqa.selenium.remote.HttpCommandExecutor.execute(HttpCommandExecutor.java:136)
	at org.openqa.selenium.remote.service.DriverCommandExecutor.execute(DriverCommandExecutor.java:83)
	at org.openqa.selenium.remote.RemoteWebDriver.execute(RemoteWebDriver.java:552)
	at org.openqa.selenium.remote.RemoteWebDriver.startSession(RemoteWebDriver.java:213)
	at org.openqa.selenium.remote.RemoteWebDriver.&lt;init&gt;(RemoteWebDriver.java:131)
	at org.openqa.selenium.chrome.ChromeDriver.&lt;init&gt;(ChromeDriver.java:181)
	at org.openqa.selenium.chrome.ChromeDriver.&lt;init&gt;(ChromeDriver.java:168)
	at org.openqa.selenium.chrome.ChromeDriver.&lt;init&gt;(ChromeDriver.java:123)
	at baseLibrary.BaseLibrary.getlaunchurl(BaseLibrary.java:58)
	at test.Textbox_test.getlaunchUrl(Textbox_test.java:18)
... Removed 29 stack frames</div></td></tr></table><p class="totop"><a href="#summary">back to summary</a></p>
<h3 id="m8">test.Textbox_test#clickonsubmit</h3><table class="result"><tr><th>Exception</th></tr><tr><td><div class="stacktrace">org.openqa.selenium.SessionNotCreatedException: session not created: This version of ChromeDriver only supports Chrome version 107
Current browser version is 123.0.6312.106 with binary path C:\Program Files\Google\Chrome\Application\chrome.exe
Build info: version: &apos;3.141.59&apos;, revision: &apos;e82be7d358&apos;, time: &apos;2018-11-14T08:25:48&apos;
System info: host: &apos;SWARAJ&apos;, ip: &apos;192.168.79.185&apos;, os.name: &apos;Windows 10&apos;, os.arch: &apos;amd64&apos;, os.version: &apos;10.0&apos;, java.version: &apos;17.0.2&apos;
Driver info: driver.version: ChromeDriver
remote stacktrace: Backtrace:
	Ordinal0 [0x005AACD3+2075859]
	Ordinal0 [0x0053EE61+1633889]
	Ordinal0 [0x0043B7BD+571325]
	Ordinal0 [0x0045DFCD+712653]
	Ordinal0 [0x00459266+692838]
	Ordinal0 [0x00456BE9+682985]
	Ordinal0 [0x0048DBD3+908243]
	Ordinal0 [0x0048D6AA+906922]
	Ordinal0 [0x00487136+880950]
	Ordinal0 [0x0045FEFD+720637]
	Ordinal0 [0x00460F3F+724799]
	GetHandleVerifier [0x0085EED2+2769538]
	GetHandleVerifier [0x00850D95+2711877]
	GetHandleVerifier [0x0063A03A+521194]
	GetHandleVerifier [0x00638DA0+516432]
	Ordinal0 [0x0054682C+1665068]
	Ordinal0 [0x0054B128+1683752]
	Ordinal0 [0x0054B215+1683989]
	Ordinal0 [0x00556484+1729668]
	BaseThreadInitThunk [0x75EA00F9+25]
	RtlGetAppContainerNamedObjectPath [0x77337BBE+286]
	RtlGetAppContainerNamedObjectPath [0x77337B8E+238]

	at org.openqa.selenium.remote.W3CHandshakeResponse.lambda$errorHandler$0(W3CHandshakeResponse.java:62)
	at org.openqa.selenium.remote.HandshakeResponse.lambda$getResponseFunction$0(HandshakeResponse.java:30)
	at org.openqa.selenium.remote.ProtocolHandshake.lambda$createSession$0(ProtocolHandshake.java:126)
	at java.base/java.util.stream.ReferencePipeline$3$1.accept(ReferencePipeline.java:197)
	at java.base/java.util.Spliterators$ArraySpliterator.tryAdvance(Spliterators.java:1002)
	at java.base/java.util.stream.ReferencePipeline.forEachWithCancel(ReferencePipeline.java:129)
	at java.base/java.util.stream.AbstractPipeline.copyIntoWithCancel(AbstractPipeline.java:527)
	at java.base/java.util.stream.AbstractPipeline.copyInto(AbstractPipeline.java:513)
	at java.base/java.util.stream.AbstractPipeline.wrapAndCopyInto(AbstractPipeline.java:499)
	at java.base/java.util.stream.FindOps$FindOp.evaluateSequential(FindOps.java:150)
	at java.base/java.util.stream.AbstractPipeline.evaluate(AbstractPipeline.java:234)
	at java.base/java.util.stream.ReferencePipeline.findFirst(ReferencePipeline.java:647)
	at org.openqa.selenium.remote.ProtocolHandshake.createSession(ProtocolHandshake.java:128)
	at org.openqa.selenium.remote.ProtocolHandshake.createSession(ProtocolHandshake.java:74)
	at org.openqa.selenium.remote.HttpCommandExecutor.execute(HttpCommandExecutor.java:136)
	at org.openqa.selenium.remote.service.DriverCommandExecutor.execute(DriverCommandExecutor.java:83)
	at org.openqa.selenium.remote.RemoteWebDriver.execute(RemoteWebDriver.java:552)
	at org.openqa.selenium.remote.RemoteWebDriver.startSession(RemoteWebDriver.java:213)
	at org.openqa.selenium.remote.RemoteWebDriver.&lt;init&gt;(RemoteWebDriver.java:131)
	at org.openqa.selenium.chrome.ChromeDriver.&lt;init&gt;(ChromeDriver.java:181)
	at org.openqa.selenium.chrome.ChromeDriver.&lt;init&gt;(ChromeDriver.java:168)
	at org.openqa.selenium.chrome.ChromeDriver.&lt;init&gt;(ChromeDriver.java:123)
	at baseLibrary.BaseLibrary.getlaunchurl(BaseLibrary.java:58)
	at test.Textbox_test.getlaunchUrl(Textbox_test.java:18)
... Removed 29 stack frames</div></td></tr></table><p class="totop"><a href="#summary">back to summary</a></p>
<h3 id="m9">test.Textbox_test#clickontextbox</h3><table class="result"><tr><th>Exception</th></tr><tr><td><div class="stacktrace">org.openqa.selenium.SessionNotCreatedException: session not created: This version of ChromeDriver only supports Chrome version 107
Current browser version is 123.0.6312.106 with binary path C:\Program Files\Google\Chrome\Application\chrome.exe
Build info: version: &apos;3.141.59&apos;, revision: &apos;e82be7d358&apos;, time: &apos;2018-11-14T08:25:48&apos;
System info: host: &apos;SWARAJ&apos;, ip: &apos;192.168.79.185&apos;, os.name: &apos;Windows 10&apos;, os.arch: &apos;amd64&apos;, os.version: &apos;10.0&apos;, java.version: &apos;17.0.2&apos;
Driver info: driver.version: ChromeDriver
remote stacktrace: Backtrace:
	Ordinal0 [0x005AACD3+2075859]
	Ordinal0 [0x0053EE61+1633889]
	Ordinal0 [0x0043B7BD+571325]
	Ordinal0 [0x0045DFCD+712653]
	Ordinal0 [0x00459266+692838]
	Ordinal0 [0x00456BE9+682985]
	Ordinal0 [0x0048DBD3+908243]
	Ordinal0 [0x0048D6AA+906922]
	Ordinal0 [0x00487136+880950]
	Ordinal0 [0x0045FEFD+720637]
	Ordinal0 [0x00460F3F+724799]
	GetHandleVerifier [0x0085EED2+2769538]
	GetHandleVerifier [0x00850D95+2711877]
	GetHandleVerifier [0x0063A03A+521194]
	GetHandleVerifier [0x00638DA0+516432]
	Ordinal0 [0x0054682C+1665068]
	Ordinal0 [0x0054B128+1683752]
	Ordinal0 [0x0054B215+1683989]
	Ordinal0 [0x00556484+1729668]
	BaseThreadInitThunk [0x75EA00F9+25]
	RtlGetAppContainerNamedObjectPath [0x77337BBE+286]
	RtlGetAppContainerNamedObjectPath [0x77337B8E+238]

	at org.openqa.selenium.remote.W3CHandshakeResponse.lambda$errorHandler$0(W3CHandshakeResponse.java:62)
	at org.openqa.selenium.remote.HandshakeResponse.lambda$getResponseFunction$0(HandshakeResponse.java:30)
	at org.openqa.selenium.remote.ProtocolHandshake.lambda$createSession$0(ProtocolHandshake.java:126)
	at java.base/java.util.stream.ReferencePipeline$3$1.accept(ReferencePipeline.java:197)
	at java.base/java.util.Spliterators$ArraySpliterator.tryAdvance(Spliterators.java:1002)
	at java.base/java.util.stream.ReferencePipeline.forEachWithCancel(ReferencePipeline.java:129)
	at java.base/java.util.stream.AbstractPipeline.copyIntoWithCancel(AbstractPipeline.java:527)
	at java.base/java.util.stream.AbstractPipeline.copyInto(AbstractPipeline.java:513)
	at java.base/java.util.stream.AbstractPipeline.wrapAndCopyInto(AbstractPipeline.java:499)
	at java.base/java.util.stream.FindOps$FindOp.evaluateSequential(FindOps.java:150)
	at java.base/java.util.stream.AbstractPipeline.evaluate(AbstractPipeline.java:234)
	at java.base/java.util.stream.ReferencePipeline.findFirst(ReferencePipeline.java:647)
	at org.openqa.selenium.remote.ProtocolHandshake.createSession(ProtocolHandshake.java:128)
	at org.openqa.selenium.remote.ProtocolHandshake.createSession(ProtocolHandshake.java:74)
	at org.openqa.selenium.remote.HttpCommandExecutor.execute(HttpCommandExecutor.java:136)
	at org.openqa.selenium.remote.service.DriverCommandExecutor.execute(DriverCommandExecutor.java:83)
	at org.openqa.selenium.remote.RemoteWebDriver.execute(RemoteWebDriver.java:552)
	at org.openqa.selenium.remote.RemoteWebDriver.startSession(RemoteWebDriver.java:213)
	at org.openqa.selenium.remote.RemoteWebDriver.&lt;init&gt;(RemoteWebDriver.java:131)
	at org.openqa.selenium.chrome.ChromeDriver.&lt;init&gt;(ChromeDriver.java:181)
	at org.openqa.selenium.chrome.ChromeDriver.&lt;init&gt;(ChromeDriver.java:168)
	at org.openqa.selenium.chrome.ChromeDriver.&lt;init&gt;(ChromeDriver.java:123)
	at baseLibrary.BaseLibrary.getlaunchurl(BaseLibrary.java:58)
	at test.Textbox_test.getlaunchUrl(Textbox_test.java:18)
... Removed 29 stack frames</div></td></tr></table><p class="totop"><a href="#summary">back to summary</a></p>
<h3 id="m10">test.Textbox_test#filldetials</h3><table class="result"><tr><th>Exception</th></tr><tr><td><div class="stacktrace">org.openqa.selenium.SessionNotCreatedException: session not created: This version of ChromeDriver only supports Chrome version 107
Current browser version is 123.0.6312.106 with binary path C:\Program Files\Google\Chrome\Application\chrome.exe
Build info: version: &apos;3.141.59&apos;, revision: &apos;e82be7d358&apos;, time: &apos;2018-11-14T08:25:48&apos;
System info: host: &apos;SWARAJ&apos;, ip: &apos;192.168.79.185&apos;, os.name: &apos;Windows 10&apos;, os.arch: &apos;amd64&apos;, os.version: &apos;10.0&apos;, java.version: &apos;17.0.2&apos;
Driver info: driver.version: ChromeDriver
remote stacktrace: Backtrace:
	Ordinal0 [0x005AACD3+2075859]
	Ordinal0 [0x0053EE61+1633889]
	Ordinal0 [0x0043B7BD+571325]
	Ordinal0 [0x0045DFCD+712653]
	Ordinal0 [0x00459266+692838]
	Ordinal0 [0x00456BE9+682985]
	Ordinal0 [0x0048DBD3+908243]
	Ordinal0 [0x0048D6AA+906922]
	Ordinal0 [0x00487136+880950]
	Ordinal0 [0x0045FEFD+720637]
	Ordinal0 [0x00460F3F+724799]
	GetHandleVerifier [0x0085EED2+2769538]
	GetHandleVerifier [0x00850D95+2711877]
	GetHandleVerifier [0x0063A03A+521194]
	GetHandleVerifier [0x00638DA0+516432]
	Ordinal0 [0x0054682C+1665068]
	Ordinal0 [0x0054B128+1683752]
	Ordinal0 [0x0054B215+1683989]
	Ordinal0 [0x00556484+1729668]
	BaseThreadInitThunk [0x75EA00F9+25]
	RtlGetAppContainerNamedObjectPath [0x77337BBE+286]
	RtlGetAppContainerNamedObjectPath [0x77337B8E+238]

	at org.openqa.selenium.remote.W3CHandshakeResponse.lambda$errorHandler$0(W3CHandshakeResponse.java:62)
	at org.openqa.selenium.remote.HandshakeResponse.lambda$getResponseFunction$0(HandshakeResponse.java:30)
	at org.openqa.selenium.remote.ProtocolHandshake.lambda$createSession$0(ProtocolHandshake.java:126)
	at java.base/java.util.stream.ReferencePipeline$3$1.accept(ReferencePipeline.java:197)
	at java.base/java.util.Spliterators$ArraySpliterator.tryAdvance(Spliterators.java:1002)
	at java.base/java.util.stream.ReferencePipeline.forEachWithCancel(ReferencePipeline.java:129)
	at java.base/java.util.stream.AbstractPipeline.copyIntoWithCancel(AbstractPipeline.java:527)
	at java.base/java.util.stream.AbstractPipeline.copyInto(AbstractPipeline.java:513)
	at java.base/java.util.stream.AbstractPipeline.wrapAndCopyInto(AbstractPipeline.java:499)
	at java.base/java.util.stream.FindOps$FindOp.evaluateSequential(FindOps.java:150)
	at java.base/java.util.stream.AbstractPipeline.evaluate(AbstractPipeline.java:234)
	at java.base/java.util.stream.ReferencePipeline.findFirst(ReferencePipeline.java:647)
	at org.openqa.selenium.remote.ProtocolHandshake.createSession(ProtocolHandshake.java:128)
	at org.openqa.selenium.remote.ProtocolHandshake.createSession(ProtocolHandshake.java:74)
	at org.openqa.selenium.remote.HttpCommandExecutor.execute(HttpCommandExecutor.java:136)
	at org.openqa.selenium.remote.service.DriverCommandExecutor.execute(DriverCommandExecutor.java:83)
	at org.openqa.selenium.remote.RemoteWebDriver.execute(RemoteWebDriver.java:552)
	at org.openqa.selenium.remote.RemoteWebDriver.startSession(RemoteWebDriver.java:213)
	at org.openqa.selenium.remote.RemoteWebDriver.&lt;init&gt;(RemoteWebDriver.java:131)
	at org.openqa.selenium.chrome.ChromeDriver.&lt;init&gt;(ChromeDriver.java:181)
	at org.openqa.selenium.chrome.ChromeDriver.&lt;init&gt;(ChromeDriver.java:168)
	at org.openqa.selenium.chrome.ChromeDriver.&lt;init&gt;(ChromeDriver.java:123)
	at baseLibrary.BaseLibrary.getlaunchurl(BaseLibrary.java:58)
	at test.Textbox_test.getlaunchUrl(Textbox_test.java:18)
... Removed 29 stack frames</div></td></tr></table><p class="totop"><a href="#summary">back to summary</a></p>
<h3 id="m11">test.Textbox_test#getdetails</h3><table class="result"><tr><th>Exception</th></tr><tr><td><div class="stacktrace">org.openqa.selenium.SessionNotCreatedException: session not created: This version of ChromeDriver only supports Chrome version 107
Current browser version is 123.0.6312.106 with binary path C:\Program Files\Google\Chrome\Application\chrome.exe
Build info: version: &apos;3.141.59&apos;, revision: &apos;e82be7d358&apos;, time: &apos;2018-11-14T08:25:48&apos;
System info: host: &apos;SWARAJ&apos;, ip: &apos;192.168.79.185&apos;, os.name: &apos;Windows 10&apos;, os.arch: &apos;amd64&apos;, os.version: &apos;10.0&apos;, java.version: &apos;17.0.2&apos;
Driver info: driver.version: ChromeDriver
remote stacktrace: Backtrace:
	Ordinal0 [0x005AACD3+2075859]
	Ordinal0 [0x0053EE61+1633889]
	Ordinal0 [0x0043B7BD+571325]
	Ordinal0 [0x0045DFCD+712653]
	Ordinal0 [0x00459266+692838]
	Ordinal0 [0x00456BE9+682985]
	Ordinal0 [0x0048DBD3+908243]
	Ordinal0 [0x0048D6AA+906922]
	Ordinal0 [0x00487136+880950]
	Ordinal0 [0x0045FEFD+720637]
	Ordinal0 [0x00460F3F+724799]
	GetHandleVerifier [0x0085EED2+2769538]
	GetHandleVerifier [0x00850D95+2711877]
	GetHandleVerifier [0x0063A03A+521194]
	GetHandleVerifier [0x00638DA0+516432]
	Ordinal0 [0x0054682C+1665068]
	Ordinal0 [0x0054B128+1683752]
	Ordinal0 [0x0054B215+1683989]
	Ordinal0 [0x00556484+1729668]
	BaseThreadInitThunk [0x75EA00F9+25]
	RtlGetAppContainerNamedObjectPath [0x77337BBE+286]
	RtlGetAppContainerNamedObjectPath [0x77337B8E+238]

	at org.openqa.selenium.remote.W3CHandshakeResponse.lambda$errorHandler$0(W3CHandshakeResponse.java:62)
	at org.openqa.selenium.remote.HandshakeResponse.lambda$getResponseFunction$0(HandshakeResponse.java:30)
	at org.openqa.selenium.remote.ProtocolHandshake.lambda$createSession$0(ProtocolHandshake.java:126)
	at java.base/java.util.stream.ReferencePipeline$3$1.accept(ReferencePipeline.java:197)
	at java.base/java.util.Spliterators$ArraySpliterator.tryAdvance(Spliterators.java:1002)
	at java.base/java.util.stream.ReferencePipeline.forEachWithCancel(ReferencePipeline.java:129)
	at java.base/java.util.stream.AbstractPipeline.copyIntoWithCancel(AbstractPipeline.java:527)
	at java.base/java.util.stream.AbstractPipeline.copyInto(AbstractPipeline.java:513)
	at java.base/java.util.stream.AbstractPipeline.wrapAndCopyInto(AbstractPipeline.java:499)
	at java.base/java.util.stream.FindOps$FindOp.evaluateSequential(FindOps.java:150)
	at java.base/java.util.stream.AbstractPipeline.evaluate(AbstractPipeline.java:234)
	at java.base/java.util.stream.ReferencePipeline.findFirst(ReferencePipeline.java:647)
	at org.openqa.selenium.remote.ProtocolHandshake.createSession(ProtocolHandshake.java:128)
	at org.openqa.selenium.remote.ProtocolHandshake.createSession(ProtocolHandshake.java:74)
	at org.openqa.selenium.remote.HttpCommandExecutor.execute(HttpCommandExecutor.java:136)
	at org.openqa.selenium.remote.service.DriverCommandExecutor.execute(DriverCommandExecutor.java:83)
	at org.openqa.selenium.remote.RemoteWebDriver.execute(RemoteWebDriver.java:552)
	at org.openqa.selenium.remote.RemoteWebDriver.startSession(RemoteWebDriver.java:213)
	at org.openqa.selenium.remote.RemoteWebDriver.&lt;init&gt;(RemoteWebDriver.java:131)
	at org.openqa.selenium.chrome.ChromeDriver.&lt;init&gt;(ChromeDriver.java:181)
	at org.openqa.selenium.chrome.ChromeDriver.&lt;init&gt;(ChromeDriver.java:168)
	at org.openqa.selenium.chrome.ChromeDriver.&lt;init&gt;(ChromeDriver.java:123)
	at baseLibrary.BaseLibrary.getlaunchurl(BaseLibrary.java:58)
	at test.Textbox_test.getlaunchUrl(Textbox_test.java:18)
... Removed 29 stack frames</div></td></tr></table><p class="totop"><a href="#summary">back to summary</a></p>
</body>
</html>
