<?xml version="1.0" encoding="UTF-8"?>
<testng-results ignored="0" total="5" passed="2" failed="3" skipped="0">
  <reporter-output>
  </reporter-output>
  <suite started-at="2024-10-09T19:04:21 IST" name="Testing_baba" finished-at="2024-10-09T19:04:39 IST" duration-ms="18025">
    <groups>
    </groups>
    <test started-at="2024-10-09T19:04:21 IST" name="radiobuttontest" finished-at="2024-10-09T19:04:39 IST" duration-ms="18025">
      <class name="test.Radiobuttontest">
        <test-method is-config="true" signature="launchurl(java.lang.String)[pri:0, instance:test.Radiobuttontest@7f485fda]" started-at="2024-10-09T19:04:21 IST" name="launchurl" finished-at="2024-10-09T19:04:36 IST" duration-ms="15258" status="PASS">
          <params>
            <param index="0">
              <value>
                <![CDATA[chrome]]>
              </value>
            </param>
          </params>
          <reporter-output>
          </reporter-output>
        </test-method> <!-- launchurl -->
        <test-method signature="clickonelement()[pri:1, instance:test.Radiobuttontest@7f485fda]" started-at="2024-10-09T19:04:37 IST" name="clickonelement" finished-at="2024-10-09T19:04:37 IST" duration-ms="206" status="PASS">
          <reporter-output>
          </reporter-output>
        </test-method> <!-- clickonelement -->
        <test-method is-config="true" signature="getresultstatus_screenshoot(org.testng.ITestResult)[pri:0, instance:test.Radiobuttontest@7f485fda]" started-at="2024-10-09T19:04:37 IST" name="getresultstatus_screenshoot" finished-at="2024-10-09T19:04:37 IST" duration-ms="526" status="PASS">
          <params>
            <param index="0">
              <value>
                <![CDATA[[TestResult name=clickonelement status=SUCCESS method=Radiobuttontest.clickonelement()[pri:1, instance:test.Radiobuttontest@7f485fda] output={null}]]]>
              </value>
            </param>
          </params>
          <reporter-output>
          </reporter-output>
        </test-method> <!-- getresultstatus_screenshoot -->
        <test-method signature="clickonradiobutton()[pri:2, instance:test.Radiobuttontest@7f485fda]" started-at="2024-10-09T19:04:37 IST" name="clickonradiobutton" finished-at="2024-10-09T19:04:37 IST" duration-ms="177" status="PASS">
          <reporter-output>
          </reporter-output>
        </test-method> <!-- clickonradiobutton -->
        <test-method is-config="true" signature="getresultstatus_screenshoot(org.testng.ITestResult)[pri:0, instance:test.Radiobuttontest@7f485fda]" started-at="2024-10-09T19:04:37 IST" name="getresultstatus_screenshoot" finished-at="2024-10-09T19:04:38 IST" duration-ms="257" status="PASS">
          <params>
            <param index="0">
              <value>
                <![CDATA[[TestResult name=clickonradiobutton status=SUCCESS method=Radiobuttontest.clickonradiobutton()[pri:2, instance:test.Radiobuttontest@7f485fda] output={null}]]]>
              </value>
            </param>
          </params>
          <reporter-output>
          </reporter-output>
        </test-method> <!-- getresultstatus_screenshoot -->
        <test-method signature="clickonyesbutton()[pri:3, instance:test.Radiobuttontest@7f485fda]" started-at="2024-10-09T19:04:38 IST" name="clickonyesbutton" finished-at="2024-10-09T19:04:38 IST" duration-ms="306" status="FAIL">
          <exception class="java.lang.AssertionError">
            <message>
              <![CDATA[The following asserts failed:
expected [ ] but found [You have selected yes]]]>
            </message>
            <full-stacktrace>
              <![CDATA[java.lang.AssertionError: The following asserts failed:
expected [ ] but found [You have selected yes]
at org.testng.asserts.SoftAssert.assertAll(SoftAssert.java:46)
at org.testng.asserts.SoftAssert.assertAll(SoftAssert.java:30)
at page.Radiobuttonpage.radiobuttonyes(Radiobuttonpage.java:48)
at test.Radiobuttontest.clickonyesbutton(Radiobuttontest.java:36)
at java.base/jdk.internal.reflect.NativeMethodAccessorImpl.invoke0(Native Method)
at java.base/jdk.internal.reflect.NativeMethodAccessorImpl.invoke(NativeMethodAccessorImpl.java:77)
at java.base/jdk.internal.reflect.DelegatingMethodAccessorImpl.invoke(DelegatingMethodAccessorImpl.java:43)
at java.base/java.lang.reflect.Method.invoke(Method.java:568)
at org.testng.internal.invokers.MethodInvocationHelper.invokeMethod(MethodInvocationHelper.java:141)
at org.testng.internal.invokers.TestInvoker.invokeMethod(TestInvoker.java:686)
at org.testng.internal.invokers.TestInvoker.invokeTestMethod(TestInvoker.java:230)
at org.testng.internal.invokers.MethodRunner.runInSequence(MethodRunner.java:63)
at org.testng.internal.invokers.TestInvoker$MethodInvocationAgent.invoke(TestInvoker.java:992)
at org.testng.internal.invokers.TestInvoker.invokeTestMethods(TestInvoker.java:203)
at org.testng.internal.invokers.TestMethodWorker.invokeTestMethods(TestMethodWorker.java:154)
at org.testng.internal.invokers.TestMethodWorker.run(TestMethodWorker.java:134)
at java.base/java.util.ArrayList.forEach(ArrayList.java:1511)
at org.testng.TestRunner.privateRun(TestRunner.java:739)
at org.testng.TestRunner.run(TestRunner.java:614)
at org.testng.SuiteRunner.runTest(SuiteRunner.java:421)
at org.testng.SuiteRunner.runSequentially(SuiteRunner.java:413)
at org.testng.SuiteRunner.privateRun(SuiteRunner.java:373)
at org.testng.SuiteRunner.run(SuiteRunner.java:312)
at org.testng.SuiteRunnerWorker.runSuite(SuiteRunnerWorker.java:52)
at org.testng.SuiteRunnerWorker.run(SuiteRunnerWorker.java:95)
at org.testng.TestNG.runSuitesSequentially(TestNG.java:1274)
at org.testng.TestNG.runSuitesLocally(TestNG.java:1208)
at org.testng.TestNG.runSuites(TestNG.java:1112)
at org.testng.TestNG.run(TestNG.java:1079)
at org.testng.remote.AbstractRemoteTestNG.run(AbstractRemoteTestNG.java:115)
at org.testng.remote.RemoteTestNG.initAndRun(RemoteTestNG.java:293)
at org.testng.remote.RemoteTestNG.main(RemoteTestNG.java:91)
]]>
            </full-stacktrace>
          </exception> <!-- java.lang.AssertionError -->
          <reporter-output>
          </reporter-output>
        </test-method> <!-- clickonyesbutton -->
        <test-method is-config="true" signature="getresultstatus_screenshoot(org.testng.ITestResult)[pri:0, instance:test.Radiobuttontest@7f485fda]" started-at="2024-10-09T19:04:38 IST" name="getresultstatus_screenshoot" finished-at="2024-10-09T19:04:38 IST" duration-ms="186" status="PASS">
          <params>
            <param index="0">
              <value>
                <![CDATA[[TestResult name=clickonyesbutton status=FAILURE method=Radiobuttontest.clickonyesbutton()[pri:3, instance:test.Radiobuttontest@7f485fda] output={null}]]]>
              </value>
            </param>
          </params>
          <reporter-output>
          </reporter-output>
        </test-method> <!-- getresultstatus_screenshoot -->
        <test-method signature="clickonNObutton()[pri:4, instance:test.Radiobuttontest@7f485fda]" started-at="2024-10-09T19:04:38 IST" name="clickonNObutton" finished-at="2024-10-09T19:04:38 IST" duration-ms="260" status="FAIL">
          <exception class="java.lang.AssertionError">
            <message>
              <![CDATA[The following asserts failed:
expected [ ] but found [You have selected no]]]>
            </message>
            <full-stacktrace>
              <![CDATA[java.lang.AssertionError: The following asserts failed:
expected [ ] but found [You have selected no]
at org.testng.asserts.SoftAssert.assertAll(SoftAssert.java:46)
at org.testng.asserts.SoftAssert.assertAll(SoftAssert.java:30)
at page.Radiobuttonpage.radiobuttonNO(Radiobuttonpage.java:58)
at test.Radiobuttontest.clickonNObutton(Radiobuttontest.java:41)
at java.base/jdk.internal.reflect.NativeMethodAccessorImpl.invoke0(Native Method)
at java.base/jdk.internal.reflect.NativeMethodAccessorImpl.invoke(NativeMethodAccessorImpl.java:77)
at java.base/jdk.internal.reflect.DelegatingMethodAccessorImpl.invoke(DelegatingMethodAccessorImpl.java:43)
at java.base/java.lang.reflect.Method.invoke(Method.java:568)
at org.testng.internal.invokers.MethodInvocationHelper.invokeMethod(MethodInvocationHelper.java:141)
at org.testng.internal.invokers.TestInvoker.invokeMethod(TestInvoker.java:686)
at org.testng.internal.invokers.TestInvoker.invokeTestMethod(TestInvoker.java:230)
at org.testng.internal.invokers.MethodRunner.runInSequence(MethodRunner.java:63)
at org.testng.internal.invokers.TestInvoker$MethodInvocationAgent.invoke(TestInvoker.java:992)
at org.testng.internal.invokers.TestInvoker.invokeTestMethods(TestInvoker.java:203)
at org.testng.internal.invokers.TestMethodWorker.invokeTestMethods(TestMethodWorker.java:154)
at org.testng.internal.invokers.TestMethodWorker.run(TestMethodWorker.java:134)
at java.base/java.util.ArrayList.forEach(ArrayList.java:1511)
at org.testng.TestRunner.privateRun(TestRunner.java:739)
at org.testng.TestRunner.run(TestRunner.java:614)
at org.testng.SuiteRunner.runTest(SuiteRunner.java:421)
at org.testng.SuiteRunner.runSequentially(SuiteRunner.java:413)
at org.testng.SuiteRunner.privateRun(SuiteRunner.java:373)
at org.testng.SuiteRunner.run(SuiteRunner.java:312)
at org.testng.SuiteRunnerWorker.runSuite(SuiteRunnerWorker.java:52)
at org.testng.SuiteRunnerWorker.run(SuiteRunnerWorker.java:95)
at org.testng.TestNG.runSuitesSequentially(TestNG.java:1274)
at org.testng.TestNG.runSuitesLocally(TestNG.java:1208)
at org.testng.TestNG.runSuites(TestNG.java:1112)
at org.testng.TestNG.run(TestNG.java:1079)
at org.testng.remote.AbstractRemoteTestNG.run(AbstractRemoteTestNG.java:115)
at org.testng.remote.RemoteTestNG.initAndRun(RemoteTestNG.java:293)
at org.testng.remote.RemoteTestNG.main(RemoteTestNG.java:91)
]]>
            </full-stacktrace>
          </exception> <!-- java.lang.AssertionError -->
          <reporter-output>
          </reporter-output>
        </test-method> <!-- clickonNObutton -->
        <test-method is-config="true" signature="getresultstatus_screenshoot(org.testng.ITestResult)[pri:0, instance:test.Radiobuttontest@7f485fda]" started-at="2024-10-09T19:04:38 IST" name="getresultstatus_screenshoot" finished-at="2024-10-09T19:04:39 IST" duration-ms="211" status="PASS">
          <params>
            <param index="0">
              <value>
                <![CDATA[[TestResult name=clickonNObutton status=FAILURE method=Radiobuttontest.clickonNObutton()[pri:4, instance:test.Radiobuttontest@7f485fda] output={null}]]]>
              </value>
            </param>
          </params>
          <reporter-output>
          </reporter-output>
        </test-method> <!-- getresultstatus_screenshoot -->
        <test-method signature="clickonIMPRESSIVEbutton()[pri:5, instance:test.Radiobuttontest@7f485fda]" started-at="2024-10-09T19:04:39 IST" name="clickonIMPRESSIVEbutton" finished-at="2024-10-09T19:04:39 IST" duration-ms="228" status="FAIL">
          <exception class="java.lang.AssertionError">
            <message>
              <![CDATA[The following asserts failed:
expected [ ] but found [You have selected impressive]]]>
            </message>
            <full-stacktrace>
              <![CDATA[java.lang.AssertionError: The following asserts failed:
expected [ ] but found [You have selected impressive]
at org.testng.asserts.SoftAssert.assertAll(SoftAssert.java:46)
at org.testng.asserts.SoftAssert.assertAll(SoftAssert.java:30)
at page.Radiobuttonpage.radiobuttonIMPRESSIVE(Radiobuttonpage.java:67)
at test.Radiobuttontest.clickonIMPRESSIVEbutton(Radiobuttontest.java:46)
at java.base/jdk.internal.reflect.NativeMethodAccessorImpl.invoke0(Native Method)
at java.base/jdk.internal.reflect.NativeMethodAccessorImpl.invoke(NativeMethodAccessorImpl.java:77)
at java.base/jdk.internal.reflect.DelegatingMethodAccessorImpl.invoke(DelegatingMethodAccessorImpl.java:43)
at java.base/java.lang.reflect.Method.invoke(Method.java:568)
at org.testng.internal.invokers.MethodInvocationHelper.invokeMethod(MethodInvocationHelper.java:141)
at org.testng.internal.invokers.TestInvoker.invokeMethod(TestInvoker.java:686)
at org.testng.internal.invokers.TestInvoker.invokeTestMethod(TestInvoker.java:230)
at org.testng.internal.invokers.MethodRunner.runInSequence(MethodRunner.java:63)
at org.testng.internal.invokers.TestInvoker$MethodInvocationAgent.invoke(TestInvoker.java:992)
at org.testng.internal.invokers.TestInvoker.invokeTestMethods(TestInvoker.java:203)
at org.testng.internal.invokers.TestMethodWorker.invokeTestMethods(TestMethodWorker.java:154)
at org.testng.internal.invokers.TestMethodWorker.run(TestMethodWorker.java:134)
at java.base/java.util.ArrayList.forEach(ArrayList.java:1511)
at org.testng.TestRunner.privateRun(TestRunner.java:739)
at org.testng.TestRunner.run(TestRunner.java:614)
at org.testng.SuiteRunner.runTest(SuiteRunner.java:421)
at org.testng.SuiteRunner.runSequentially(SuiteRunner.java:413)
at org.testng.SuiteRunner.privateRun(SuiteRunner.java:373)
at org.testng.SuiteRunner.run(SuiteRunner.java:312)
at org.testng.SuiteRunnerWorker.runSuite(SuiteRunnerWorker.java:52)
at org.testng.SuiteRunnerWorker.run(SuiteRunnerWorker.java:95)
at org.testng.TestNG.runSuitesSequentially(TestNG.java:1274)
at org.testng.TestNG.runSuitesLocally(TestNG.java:1208)
at org.testng.TestNG.runSuites(TestNG.java:1112)
at org.testng.TestNG.run(TestNG.java:1079)
at org.testng.remote.AbstractRemoteTestNG.run(AbstractRemoteTestNG.java:115)
at org.testng.remote.RemoteTestNG.initAndRun(RemoteTestNG.java:293)
at org.testng.remote.RemoteTestNG.main(RemoteTestNG.java:91)
]]>
            </full-stacktrace>
          </exception> <!-- java.lang.AssertionError -->
          <reporter-output>
          </reporter-output>
        </test-method> <!-- clickonIMPRESSIVEbutton -->
        <test-method is-config="true" signature="getresultstatus_screenshoot(org.testng.ITestResult)[pri:0, instance:test.Radiobuttontest@7f485fda]" started-at="2024-10-09T19:04:39 IST" name="getresultstatus_screenshoot" finished-at="2024-10-09T19:04:39 IST" duration-ms="180" status="PASS">
          <params>
            <param index="0">
              <value>
                <![CDATA[[TestResult name=clickonIMPRESSIVEbutton status=FAILURE method=Radiobuttontest.clickonIMPRESSIVEbutton()[pri:5, instance:test.Radiobuttontest@7f485fda] output={null}]]]>
              </value>
            </param>
          </params>
          <reporter-output>
          </reporter-output>
        </test-method> <!-- getresultstatus_screenshoot -->
      </class> <!-- test.Radiobuttontest -->
    </test> <!-- radiobuttontest -->
  </suite> <!-- Testing_baba -->
</testng-results>
